RUN	com.github.bartekbp.ServerSentEventsSimulation		serversenteventssimulation	1519563254281	 	2.0
USER	ServerSentEventsSimulation	1	START	1519563254889	1519563254889
REQUEST	ServerSentEventsSimulation	1		50000	1519563254921	1519563257752	OK	 
REQUEST	ServerSentEventsSimulation	1		50000	1519563260768	1519563262988	OK	 
REQUEST	ServerSentEventsSimulation	1		50000	1519563266001	1519563268227	OK	 
REQUEST	ServerSentEventsSimulation	1		75000	1519563271249	1519563274684	OK	 
REQUEST	ServerSentEventsSimulation	1		75000	1519563277717	1519563281389	OK	 
REQUEST	ServerSentEventsSimulation	1		75000	1519563284423	1519563287599	OK	 
REQUEST	ServerSentEventsSimulation	1		100000	1519563290651	1519563294837	OK	 
REQUEST	ServerSentEventsSimulation	1		100000	1519563297870	1519563302100	OK	 
REQUEST	ServerSentEventsSimulation	1		100000	1519563305140	1519563309372	OK	 
REQUEST	ServerSentEventsSimulation	1		125000	1519563312422	1519563317868	OK	 
REQUEST	ServerSentEventsSimulation	1		125000	1519563320899	1519563326391	OK	 
REQUEST	ServerSentEventsSimulation	1		125000	1519563329432	1519563334732	OK	 
REQUEST	ServerSentEventsSimulation	1		150000	1519563337780	1519563344766	OK	 
REQUEST	ServerSentEventsSimulation	1		150000	1519563347798	1519563354166	OK	 
REQUEST	ServerSentEventsSimulation	1		150000	1519563357198	1519563363495	OK	 
REQUEST	ServerSentEventsSimulation	1		175000	1519563366562	1519563373995	OK	 
REQUEST	ServerSentEventsSimulation	1		175000	1519563377018	1519563384409	OK	 
REQUEST	ServerSentEventsSimulation	1		175000	1519563387427	1519563394773	OK	 
REQUEST	ServerSentEventsSimulation	1		200000	1519563397832	1519563406337	OK	 
REQUEST	ServerSentEventsSimulation	1		200000	1519563409381	1519563417791	OK	 
REQUEST	ServerSentEventsSimulation	1		200000	1519563420819	1519563429215	OK	 
REQUEST	ServerSentEventsSimulation	1		225000	1519563432240	1519563441705	OK	 
REQUEST	ServerSentEventsSimulation	1		225000	1519563444740	1519563454255	OK	 
REQUEST	ServerSentEventsSimulation	1		225000	1519563457292	1519563466832	OK	 
REQUEST	ServerSentEventsSimulation	1		250000	1519563469891	1519563480630	OK	 
REQUEST	ServerSentEventsSimulation	1		250000	1519563483659	1519563494290	OK	 
REQUEST	ServerSentEventsSimulation	1		250000	1519563497320	1519563507956	OK	 
REQUEST	ServerSentEventsSimulation	1		275000	1519563511007	1519563522625	OK	 
REQUEST	ServerSentEventsSimulation	1		275000	1519563525659	1519563537591	OK	 
REQUEST	ServerSentEventsSimulation	1		275000	1519563540619	1519563552697	OK	 
REQUEST	ServerSentEventsSimulation	1		300000	1519563555752	1519563568667	OK	 
REQUEST	ServerSentEventsSimulation	1		300000	1519563571687	1519563584579	OK	 
REQUEST	ServerSentEventsSimulation	1		300000	1519563587608	1519563600273	OK	 
REQUEST	ServerSentEventsSimulation	1		325000	1519563603348	1519563617057	OK	 
REQUEST	ServerSentEventsSimulation	1		325000	1519563620068	1519563633744	OK	 
REQUEST	ServerSentEventsSimulation	1		325000	1519563636782	1519563650978	OK	 
REQUEST	ServerSentEventsSimulation	1		350000	1519563654037	1519563669384	OK	 
REQUEST	ServerSentEventsSimulation	1		350000	1519563672418	1519563687404	OK	 
REQUEST	ServerSentEventsSimulation	1		350000	1519563690417	1519563706022	OK	 
REQUEST	ServerSentEventsSimulation	1		375000	1519563709080	1519563725780	OK	 
REQUEST	ServerSentEventsSimulation	1		375000	1519563728809	1519563744768	OK	 
REQUEST	ServerSentEventsSimulation	1		375000	1519563747798	1519563764201	OK	 
REQUEST	ServerSentEventsSimulation	1		400000	1519563767249	1519563784307	OK	 
REQUEST	ServerSentEventsSimulation	1		400000	1519563787338	1519563804650	OK	 
REQUEST	ServerSentEventsSimulation	1		400000	1519563807670	1519563824695	OK	 
REQUEST	ServerSentEventsSimulation	1		425000	1519563827759	1519563846027	OK	 
REQUEST	ServerSentEventsSimulation	1		425000	1519563849061	1519563868139	OK	 
REQUEST	ServerSentEventsSimulation	1		425000	1519563871159	1519563890312	OK	 
REQUEST	ServerSentEventsSimulation	1		450000	1519563893381	1519563912472	OK	 
REQUEST	ServerSentEventsSimulation	1		450000	1519563915510	1519563934838	OK	 
REQUEST	ServerSentEventsSimulation	1		450000	1519563937862	1519563957359	OK	 
REQUEST	ServerSentEventsSimulation	1		475000	1519563960429	1519563981613	OK	 
REQUEST	ServerSentEventsSimulation	1		475000	1519563984639	1519564005067	OK	 
REQUEST	ServerSentEventsSimulation	1		475000	1519564008089	1519564028595	OK	 
REQUEST	ServerSentEventsSimulation	1		500000	1519564031659	1519564053095	OK	 
REQUEST	ServerSentEventsSimulation	1		500000	1519564056128	1519564077629	OK	 
REQUEST	ServerSentEventsSimulation	1		500000	1519564080659	1519564101972	OK	 
REQUEST	ServerSentEventsSimulation	1		525000	1519564105039	1519564128062	OK	 
REQUEST	ServerSentEventsSimulation	1		525000	1519564131087	1519564153817	OK	 
REQUEST	ServerSentEventsSimulation	1		525000	1519564156838	1519564179626	OK	 
REQUEST	ServerSentEventsSimulation	1		550000	1519564182701	1519564207571	OK	 
REQUEST	ServerSentEventsSimulation	1		550000	1519564210589	1519564234325	OK	 
REQUEST	ServerSentEventsSimulation	1		550000	1519564237361	1519564261077	OK	 
REQUEST	ServerSentEventsSimulation	1		575000	1519564264142	1519564289446	OK	 
REQUEST	ServerSentEventsSimulation	1		575000	1519564292481	1519564316951	OK	 
REQUEST	ServerSentEventsSimulation	1		575000	1519564319952	1519564344586	OK	 
REQUEST	ServerSentEventsSimulation	1		600000	1519564347612	1519564373258	OK	 
REQUEST	ServerSentEventsSimulation	1		600000	1519564376249	1519564401886	OK	 
REQUEST	ServerSentEventsSimulation	1		600000	1519564404918	1519564430289	OK	 
REQUEST	ServerSentEventsSimulation	1		625000	1519564433349	1519564460199	OK	 
REQUEST	ServerSentEventsSimulation	1		625000	1519564463231	1519564490345	OK	 
REQUEST	ServerSentEventsSimulation	1		625000	1519564493382	1519564519664	OK	 
REQUEST	ServerSentEventsSimulation	1		650000	1519564522690	1519564550838	OK	 
REQUEST	ServerSentEventsSimulation	1		650000	1519564553867	1519564582235	OK	 
REQUEST	ServerSentEventsSimulation	1		650000	1519564585260	1519564612946	OK	 
REQUEST	ServerSentEventsSimulation	1		675000	1519564616011	1519564645243	OK	 
REQUEST	ServerSentEventsSimulation	1		675000	1519564648272	1519564677018	OK	 
REQUEST	ServerSentEventsSimulation	1		675000	1519564680061	1519564709469	OK	 
REQUEST	ServerSentEventsSimulation	1		700000	1519564712500	1519564741871	OK	 
REQUEST	ServerSentEventsSimulation	1		700000	1519564744900	1519564775534	OK	 
REQUEST	ServerSentEventsSimulation	1		700000	1519564778561	1519564808835	OK	 
REQUEST	ServerSentEventsSimulation	1		725000	1519564811890	1519564843767	OK	 
REQUEST	ServerSentEventsSimulation	1		725000	1519564846798	1519564877482	OK	 
REQUEST	ServerSentEventsSimulation	1		725000	1519564880507	1519564912050	OK	 
REQUEST	ServerSentEventsSimulation	1		750000	1519564915111	1519564946820	OK	 
REQUEST	ServerSentEventsSimulation	1		750000	1519564949861	1519564982283	OK	 
REQUEST	ServerSentEventsSimulation	1		750000	1519564985307	1519565018487	OK	 
REQUEST	ServerSentEventsSimulation	1		775000	1519565021551	1519565056398	OK	 
REQUEST	ServerSentEventsSimulation	1		775000	1519565059418	1519565092480	OK	 
REQUEST	ServerSentEventsSimulation	1		775000	1519565095507	1519565130279	OK	 
REQUEST	ServerSentEventsSimulation	1		800000	1519565133329	1519565167571	OK	 
REQUEST	ServerSentEventsSimulation	1		800000	1519565170599	1519565205910	OK	 
REQUEST	ServerSentEventsSimulation	1		800000	1519565208950	1519565243694	OK	 
REQUEST	ServerSentEventsSimulation	1		825000	1519565246751	1519565283457	OK	 
REQUEST	ServerSentEventsSimulation	1		825000	1519565286482	1519565323094	OK	 
REQUEST	ServerSentEventsSimulation	1		825000	1519565326137	1519565364962	OK	 
REQUEST	ServerSentEventsSimulation	1		850000	1519565368017	1519565405661	OK	 
REQUEST	ServerSentEventsSimulation	1		850000	1519565408680	1519565446318	OK	 
REQUEST	ServerSentEventsSimulation	1		850000	1519565449358	1519565485335	OK	 
REQUEST	ServerSentEventsSimulation	1		875000	1519565488399	1519565527215	OK	 
REQUEST	ServerSentEventsSimulation	1		875000	1519565530241	1519565569485	OK	 
REQUEST	ServerSentEventsSimulation	1		875000	1519565572520	1519565611808	OK	 
REQUEST	ServerSentEventsSimulation	1		900000	1519565614859	1519565654710	OK	 
REQUEST	ServerSentEventsSimulation	1		900000	1519565657737	1519565697097	OK	 
REQUEST	ServerSentEventsSimulation	1		900000	1519565700139	1519565739396	OK	 
REQUEST	ServerSentEventsSimulation	1		925000	1519565742451	1519565782887	OK	 
REQUEST	ServerSentEventsSimulation	1		925000	1519565785918	1519565826128	OK	 
REQUEST	ServerSentEventsSimulation	1		925000	1519565829162	1519565869363	OK	 
REQUEST	ServerSentEventsSimulation	1		950000	1519565872417	1519565915541	OK	 
REQUEST	ServerSentEventsSimulation	1		950000	1519565918568	1519565960943	OK	 
REQUEST	ServerSentEventsSimulation	1		950000	1519565963967	1519566006884	OK	 
REQUEST	ServerSentEventsSimulation	1		975000	1519566009950	1519566052150	OK	 
REQUEST	ServerSentEventsSimulation	1		975000	1519566055169	1519566097113	OK	 
REQUEST	ServerSentEventsSimulation	1		975000	1519566100149	1519566144178	OK	 
USER	ServerSentEventsSimulation	1	END	1519563254889	1519566147205
