RUN	com.github.bartekbp.BasicHttpSimulation		basichttpsimulation	1519850742205	 	2.0
USER	BasicHttpSimulation	1	START	1519850742723	1519850742723
REQUEST	BasicHttpSimulation	1		50000	1519850742746	1519850742908	OK	 
REQUEST	BasicHttpSimulation	1		50000	1519850745928	1519850746164	OK	 
REQUEST	BasicHttpSimulation	1		50000	1519850749199	1519850749469	OK	 
REQUEST	BasicHttpSimulation	1		75000	1519850752485	1519850752744	OK	 
REQUEST	BasicHttpSimulation	1		75000	1519850755788	1519850756095	OK	 
REQUEST	BasicHttpSimulation	1		75000	1519850759127	1519850759372	OK	 
REQUEST	BasicHttpSimulation	1		100000	1519850762395	1519850762775	OK	 
REQUEST	BasicHttpSimulation	1		100000	1519850765818	1519850766191	OK	 
REQUEST	BasicHttpSimulation	1		100000	1519850769216	1519850769605	OK	 
REQUEST	BasicHttpSimulation	1		125000	1519850772636	1519850773076	OK	 
REQUEST	BasicHttpSimulation	1		125000	1519850776096	1519850776478	OK	 
REQUEST	BasicHttpSimulation	1		125000	1519850779518	1519850779906	OK	 
REQUEST	BasicHttpSimulation	1		150000	1519850782969	1519850783534	OK	 
REQUEST	BasicHttpSimulation	1		150000	1519850786560	1519850786995	OK	 
REQUEST	BasicHttpSimulation	1		150000	1519850790021	1519850790489	OK	 
REQUEST	BasicHttpSimulation	1		175000	1519850793549	1519850794185	OK	 
REQUEST	BasicHttpSimulation	1		175000	1519850797206	1519850797750	OK	 
REQUEST	BasicHttpSimulation	1		175000	1519850800777	1519850801340	OK	 
REQUEST	BasicHttpSimulation	1		200000	1519850804370	1519850805073	OK	 
REQUEST	BasicHttpSimulation	1		200000	1519850808119	1519850808681	OK	 
REQUEST	BasicHttpSimulation	1		200000	1519850811708	1519850812290	OK	 
REQUEST	BasicHttpSimulation	1		225000	1519850815338	1519850815994	OK	 
REQUEST	BasicHttpSimulation	1		225000	1519850819026	1519850819653	OK	 
REQUEST	BasicHttpSimulation	1		225000	1519850822685	1519850823517	OK	 
REQUEST	BasicHttpSimulation	1		250000	1519850826567	1519850827290	OK	 
REQUEST	BasicHttpSimulation	1		250000	1519850830326	1519850831412	OK	 
REQUEST	BasicHttpSimulation	1		250000	1519850834448	1519850835173	OK	 
REQUEST	BasicHttpSimulation	1		275000	1519850838235	1519850839419	OK	 
REQUEST	BasicHttpSimulation	1		275000	1519850842440	1519850843241	OK	 
REQUEST	BasicHttpSimulation	1		275000	1519850846280	1519850847304	OK	 
REQUEST	BasicHttpSimulation	1		300000	1519850850346	1519850851159	OK	 
REQUEST	BasicHttpSimulation	1		300000	1519850854199	1519850855158	OK	 
REQUEST	BasicHttpSimulation	1		300000	1519850858178	1519850858955	OK	 
REQUEST	BasicHttpSimulation	1		325000	1519850862020	1519850863123	OK	 
REQUEST	BasicHttpSimulation	1		325000	1519850866146	1519850867041	OK	 
REQUEST	BasicHttpSimulation	1		325000	1519850870079	1519850871028	OK	 
REQUEST	BasicHttpSimulation	1		350000	1519850874095	1519850875090	OK	 
REQUEST	BasicHttpSimulation	1		350000	1519850878108	1519850879141	OK	 
REQUEST	BasicHttpSimulation	1		350000	1519850882180	1519850883589	OK	 
REQUEST	BasicHttpSimulation	1		375000	1519850886637	1519850888165	OK	 
REQUEST	BasicHttpSimulation	1		375000	1519850891198	1519850892797	OK	 
REQUEST	BasicHttpSimulation	1		375000	1519850895820	1519850897321	OK	 
REQUEST	BasicHttpSimulation	1		400000	1519850900386	1519850901905	OK	 
REQUEST	BasicHttpSimulation	1		400000	1519850904935	1519850906430	OK	 
REQUEST	BasicHttpSimulation	1		400000	1519850909456	1519850910967	OK	 
REQUEST	BasicHttpSimulation	1		425000	1519850914029	1519850915653	OK	 
REQUEST	BasicHttpSimulation	1		425000	1519850918675	1519850920246	OK	 
REQUEST	BasicHttpSimulation	1		425000	1519850923288	1519850924859	OK	 
REQUEST	BasicHttpSimulation	1		450000	1519850927895	1519850929508	OK	 
REQUEST	BasicHttpSimulation	1		450000	1519850932528	1519850934137	OK	 
REQUEST	BasicHttpSimulation	1		450000	1519850937169	1519850938716	OK	 
REQUEST	BasicHttpSimulation	1		475000	1519850941779	1519850943418	OK	 
REQUEST	BasicHttpSimulation	1		475000	1519850946450	1519850948084	OK	 
REQUEST	BasicHttpSimulation	1		475000	1519850951107	1519850952778	OK	 
REQUEST	BasicHttpSimulation	1		500000	1519850955847	1519850957534	OK	 
REQUEST	BasicHttpSimulation	1		500000	1519850960571	1519850962552	OK	 
REQUEST	BasicHttpSimulation	1		500000	1519850965578	1519850967204	OK	 
REQUEST	BasicHttpSimulation	1		525000	1519850970267	1519850972087	OK	 
REQUEST	BasicHttpSimulation	1		525000	1519850975115	1519850976802	OK	 
REQUEST	BasicHttpSimulation	1		525000	1519850979815	1519850981456	OK	 
REQUEST	BasicHttpSimulation	1		550000	1519850984515	1519850986251	OK	 
REQUEST	BasicHttpSimulation	1		550000	1519850989277	1519850990952	OK	 
REQUEST	BasicHttpSimulation	1		550000	1519850993990	1519850995649	OK	 
REQUEST	BasicHttpSimulation	1		575000	1519850998708	1519851000550	OK	 
REQUEST	BasicHttpSimulation	1		575000	1519851003576	1519851005297	OK	 
REQUEST	BasicHttpSimulation	1		575000	1519851008330	1519851010081	OK	 
REQUEST	BasicHttpSimulation	1		600000	1519851013150	1519851015007	OK	 
REQUEST	BasicHttpSimulation	1		600000	1519851018028	1519851019714	OK	 
REQUEST	BasicHttpSimulation	1		600000	1519851022749	1519851024465	OK	 
REQUEST	BasicHttpSimulation	1		625000	1519851027519	1519851029332	OK	 
REQUEST	BasicHttpSimulation	1		625000	1519851032369	1519851034155	OK	 
REQUEST	BasicHttpSimulation	1		625000	1519851037177	1519851038944	OK	 
REQUEST	BasicHttpSimulation	1		650000	1519851042015	1519851043799	OK	 
REQUEST	BasicHttpSimulation	1		650000	1519851046828	1519851048686	OK	 
REQUEST	BasicHttpSimulation	1		650000	1519851051710	1519851054540	OK	 
REQUEST	BasicHttpSimulation	1		675000	1519851057595	1519851060577	OK	 
REQUEST	BasicHttpSimulation	1		675000	1519851063598	1519851065501	OK	 
REQUEST	BasicHttpSimulation	1		675000	1519851068537	1519851070438	OK	 
REQUEST	BasicHttpSimulation	1		700000	1519851073495	1519851076476	OK	 
REQUEST	BasicHttpSimulation	1		700000	1519851079500	1519851082576	OK	 
REQUEST	BasicHttpSimulation	1		700000	1519851085608	1519851089351	OK	 
REQUEST	BasicHttpSimulation	1		725000	1519851092417	1519851097412	OK	 
REQUEST	BasicHttpSimulation	1		725000	1519851100439	1519851105243	OK	 
REQUEST	BasicHttpSimulation	1		725000	1519851108277	1519851112965	OK	 
REQUEST	BasicHttpSimulation	1		750000	1519851116026	1519851121814	OK	 
REQUEST	BasicHttpSimulation	1		750000	1519851124836	1519851130549	OK	 
REQUEST	BasicHttpSimulation	1		750000	1519851133578	1519851138781	OK	 
REQUEST	BasicHttpSimulation	1		775000	1519851141837	1519851148338	OK	 
REQUEST	BasicHttpSimulation	1		775000	1519851151368	1519851158301	OK	 
REQUEST	BasicHttpSimulation	1		775000	1519851161337	1519851167856	OK	 
REQUEST	BasicHttpSimulation	1		800000	1519851170919	1519851179893	OK	 
REQUEST	BasicHttpSimulation	1		800000	1519851182908	1519851191917	OK	 
REQUEST	BasicHttpSimulation	1		800000	1519851194955	1519851204007	OK	 
REQUEST	BasicHttpSimulation	1		825000	1519851207069	1519851225360	OK	 
REQUEST	BasicHttpSimulation	1		825000	1519851228385	1519851246826	OK	 
REQUEST	BasicHttpSimulation	1		825000	1519851249851	1519851268827	OK	 
REQUEST	BasicHttpSimulation	1		850000	1519851271888	1519851271888	KO	j.u.c.TimeoutException: Request timeout to localhost/0:0:0:0:0:0:0:1:8000 after 60000 ms
USER	BasicHttpSimulation	1	END	1519850742723	1519851331903
