RUN	com.github.bartekbp.HttpStreamingSimulation		httpstreamingsimulation	1519561255709	 	2.0
USER	HttpStreamingSimulation	1	START	1519561256394	1519561256394
REQUEST	HttpStreamingSimulation	1		50000	1519561256424	1519561257421	OK	 
REQUEST	HttpStreamingSimulation	1		50000	1519561260451	1519561261171	OK	 
REQUEST	HttpStreamingSimulation	1		50000	1519561264188	1519561264885	OK	 
REQUEST	HttpStreamingSimulation	1		75000	1519561267920	1519561268848	OK	 
REQUEST	HttpStreamingSimulation	1		75000	1519561271878	1519561272826	OK	 
REQUEST	HttpStreamingSimulation	1		75000	1519561275858	1519561276744	OK	 
REQUEST	HttpStreamingSimulation	1		100000	1519561279777	1519561280989	OK	 
REQUEST	HttpStreamingSimulation	1		100000	1519561284011	1519561285218	OK	 
REQUEST	HttpStreamingSimulation	1		100000	1519561288237	1519561289402	OK	 
REQUEST	HttpStreamingSimulation	1		125000	1519561292457	1519561293935	OK	 
REQUEST	HttpStreamingSimulation	1		125000	1519561296958	1519561298586	OK	 
REQUEST	HttpStreamingSimulation	1		125000	1519561301628	1519561303133	OK	 
REQUEST	HttpStreamingSimulation	1		150000	1519561306202	1519561307958	OK	 
REQUEST	HttpStreamingSimulation	1		150000	1519561310967	1519561312715	OK	 
REQUEST	HttpStreamingSimulation	1		150000	1519561315738	1519561317482	OK	 
REQUEST	HttpStreamingSimulation	1		175000	1519561320542	1519561322593	OK	 
REQUEST	HttpStreamingSimulation	1		175000	1519561325628	1519561327852	OK	 
REQUEST	HttpStreamingSimulation	1		175000	1519561330878	1519561333039	OK	 
REQUEST	HttpStreamingSimulation	1		200000	1519561336097	1519561338455	OK	 
REQUEST	HttpStreamingSimulation	1		200000	1519561341479	1519561343892	OK	 
REQUEST	HttpStreamingSimulation	1		200000	1519561346920	1519561349249	OK	 
REQUEST	HttpStreamingSimulation	1		225000	1519561352311	1519561354876	OK	 
REQUEST	HttpStreamingSimulation	1		225000	1519561357900	1519561360529	OK	 
REQUEST	HttpStreamingSimulation	1		225000	1519561363569	1519561366190	OK	 
REQUEST	HttpStreamingSimulation	1		250000	1519561369250	1519561372218	OK	 
REQUEST	HttpStreamingSimulation	1		250000	1519561375259	1519561378160	OK	 
REQUEST	HttpStreamingSimulation	1		250000	1519561381178	1519561384092	OK	 
REQUEST	HttpStreamingSimulation	1		275000	1519561387158	1519561390346	OK	 
REQUEST	HttpStreamingSimulation	1		275000	1519561393377	1519561396518	OK	 
REQUEST	HttpStreamingSimulation	1		275000	1519561399547	1519561402693	OK	 
REQUEST	HttpStreamingSimulation	1		300000	1519561405751	1519561409247	OK	 
REQUEST	HttpStreamingSimulation	1		300000	1519561412267	1519561415692	OK	 
REQUEST	HttpStreamingSimulation	1		300000	1519561418728	1519561422097	OK	 
REQUEST	HttpStreamingSimulation	1		325000	1519561425146	1519561428855	OK	 
REQUEST	HttpStreamingSimulation	1		325000	1519561431892	1519561435647	OK	 
REQUEST	HttpStreamingSimulation	1		325000	1519561438680	1519561442449	OK	 
REQUEST	HttpStreamingSimulation	1		350000	1519561445501	1519561449952	OK	 
REQUEST	HttpStreamingSimulation	1		350000	1519561452980	1519561457415	OK	 
REQUEST	HttpStreamingSimulation	1		350000	1519561460461	1519561464551	OK	 
REQUEST	HttpStreamingSimulation	1		375000	1519561467600	1519561472005	OK	 
REQUEST	HttpStreamingSimulation	1		375000	1519561475038	1519561479406	OK	 
REQUEST	HttpStreamingSimulation	1		375000	1519561482437	1519561487099	OK	 
REQUEST	HttpStreamingSimulation	1		400000	1519561490156	1519561495142	OK	 
REQUEST	HttpStreamingSimulation	1		400000	1519561498171	1519561503084	OK	 
REQUEST	HttpStreamingSimulation	1		400000	1519561506120	1519561511199	OK	 
REQUEST	HttpStreamingSimulation	1		425000	1519561514261	1519561519573	OK	 
REQUEST	HttpStreamingSimulation	1		425000	1519561522610	1519561527636	OK	 
REQUEST	HttpStreamingSimulation	1		425000	1519561530651	1519561535811	OK	 
REQUEST	HttpStreamingSimulation	1		450000	1519561538877	1519561544278	OK	 
REQUEST	HttpStreamingSimulation	1		450000	1519561547300	1519561552576	OK	 
REQUEST	HttpStreamingSimulation	1		450000	1519561555621	1519561560915	OK	 
REQUEST	HttpStreamingSimulation	1		475000	1519561563969	1519561569538	OK	 
REQUEST	HttpStreamingSimulation	1		475000	1519561572571	1519561578171	OK	 
REQUEST	HttpStreamingSimulation	1		475000	1519561581201	1519561586959	OK	 
REQUEST	HttpStreamingSimulation	1		500000	1519561590019	1519561595825	OK	 
REQUEST	HttpStreamingSimulation	1		500000	1519561598861	1519561604636	OK	 
REQUEST	HttpStreamingSimulation	1		500000	1519561607659	1519561613586	OK	 
REQUEST	HttpStreamingSimulation	1		525000	1519561616652	1519561622856	OK	 
REQUEST	HttpStreamingSimulation	1		525000	1519561625890	1519561632116	OK	 
REQUEST	HttpStreamingSimulation	1		525000	1519561635149	1519561641259	OK	 
REQUEST	HttpStreamingSimulation	1		550000	1519561644310	1519561650702	OK	 
REQUEST	HttpStreamingSimulation	1		550000	1519561653740	1519561660114	OK	 
REQUEST	HttpStreamingSimulation	1		550000	1519561663148	1519561669643	OK	 
REQUEST	HttpStreamingSimulation	1		575000	1519561672687	1519561679345	OK	 
REQUEST	HttpStreamingSimulation	1		575000	1519561682380	1519561689134	OK	 
REQUEST	HttpStreamingSimulation	1		575000	1519561692167	1519561698879	OK	 
REQUEST	HttpStreamingSimulation	1		600000	1519561701952	1519561709092	OK	 
REQUEST	HttpStreamingSimulation	1		600000	1519561712097	1519561719395	OK	 
REQUEST	HttpStreamingSimulation	1		600000	1519561722438	1519561729626	OK	 
REQUEST	HttpStreamingSimulation	1		625000	1519561732687	1519561740097	OK	 
REQUEST	HttpStreamingSimulation	1		625000	1519561743119	1519561750435	OK	 
REQUEST	HttpStreamingSimulation	1		625000	1519561753457	1519561760682	OK	 
REQUEST	HttpStreamingSimulation	1		650000	1519561763739	1519561771316	OK	 
REQUEST	HttpStreamingSimulation	1		650000	1519561774347	1519561781855	OK	 
REQUEST	HttpStreamingSimulation	1		650000	1519561784881	1519561792387	OK	 
REQUEST	HttpStreamingSimulation	1		675000	1519561795460	1519561803340	OK	 
REQUEST	HttpStreamingSimulation	1		675000	1519561806347	1519561814152	OK	 
REQUEST	HttpStreamingSimulation	1		675000	1519561817187	1519561825084	OK	 
REQUEST	HttpStreamingSimulation	1		700000	1519561828139	1519561836255	OK	 
REQUEST	HttpStreamingSimulation	1		700000	1519561839259	1519561847308	OK	 
REQUEST	HttpStreamingSimulation	1		700000	1519561850341	1519561858559	OK	 
REQUEST	HttpStreamingSimulation	1		725000	1519561861591	1519561870144	OK	 
REQUEST	HttpStreamingSimulation	1		725000	1519561873167	1519561881503	OK	 
REQUEST	HttpStreamingSimulation	1		725000	1519561884539	1519561892958	OK	 
REQUEST	HttpStreamingSimulation	1		750000	1519561896019	1519561904745	OK	 
REQUEST	HttpStreamingSimulation	1		750000	1519561907780	1519561916440	OK	 
REQUEST	HttpStreamingSimulation	1		750000	1519561919470	1519561928239	OK	 
REQUEST	HttpStreamingSimulation	1		775000	1519561931299	1519561940420	OK	 
REQUEST	HttpStreamingSimulation	1		775000	1519561943447	1519561952500	OK	 
REQUEST	HttpStreamingSimulation	1		775000	1519561955541	1519561964439	OK	 
REQUEST	HttpStreamingSimulation	1		800000	1519561967490	1519561976818	OK	 
REQUEST	HttpStreamingSimulation	1		800000	1519561979826	1519561989748	OK	 
REQUEST	HttpStreamingSimulation	1		800000	1519561992790	1519562002098	OK	 
REQUEST	HttpStreamingSimulation	1		825000	1519562005161	1519562014983	OK	 
REQUEST	HttpStreamingSimulation	1		825000	1519562018009	1519562027608	OK	 
REQUEST	HttpStreamingSimulation	1		825000	1519562030638	1519562040214	OK	 
REQUEST	HttpStreamingSimulation	1		850000	1519562043257	1519562053264	OK	 
REQUEST	HttpStreamingSimulation	1		850000	1519562056310	1519562066378	OK	 
REQUEST	HttpStreamingSimulation	1		850000	1519562069409	1519562079335	OK	 
REQUEST	HttpStreamingSimulation	1		875000	1519562082389	1519562092616	OK	 
REQUEST	HttpStreamingSimulation	1		875000	1519562095637	1519562105707	OK	 
REQUEST	HttpStreamingSimulation	1		875000	1519562108751	1519562118967	OK	 
REQUEST	HttpStreamingSimulation	1		900000	1519562122010	1519562132482	OK	 
REQUEST	HttpStreamingSimulation	1		900000	1519562135520	1519562145826	OK	 
REQUEST	HttpStreamingSimulation	1		900000	1519562148860	1519562159294	OK	 
REQUEST	HttpStreamingSimulation	1		925000	1519562162352	1519562172957	OK	 
REQUEST	HttpStreamingSimulation	1		925000	1519562176001	1519562186679	OK	 
REQUEST	HttpStreamingSimulation	1		925000	1519562189709	1519562200445	OK	 
REQUEST	HttpStreamingSimulation	1		950000	1519562203499	1519562214396	OK	 
REQUEST	HttpStreamingSimulation	1		950000	1519562217427	1519562228451	OK	 
REQUEST	HttpStreamingSimulation	1		950000	1519562231487	1519562242382	OK	 
REQUEST	HttpStreamingSimulation	1		975000	1519562245417	1519562256568	OK	 
REQUEST	HttpStreamingSimulation	1		975000	1519562259598	1519562270763	OK	 
REQUEST	HttpStreamingSimulation	1		975000	1519562273802	1519562285057	OK	 
USER	HttpStreamingSimulation	1	END	1519561256394	1519562288066
