RUN	com.github.bartekbp.ServerSentEventsSimulation		serversenteventssimulation	1519847840901	 	2.0
USER	ServerSentEventsSimulation	1	START	1519847841382	1519847841382
REQUEST	ServerSentEventsSimulation	1		50000	1519847841417	1519847844112	OK	 
REQUEST	ServerSentEventsSimulation	1		50000	1519847847167	1519847849508	OK	 
REQUEST	ServerSentEventsSimulation	1		50000	1519847852537	1519847854653	OK	 
REQUEST	ServerSentEventsSimulation	1		75000	1519847857714	1519847860868	OK	 
REQUEST	ServerSentEventsSimulation	1		75000	1519847863856	1519847867042	OK	 
REQUEST	ServerSentEventsSimulation	1		75000	1519847870077	1519847873249	OK	 
REQUEST	ServerSentEventsSimulation	1		100000	1519847876289	1519847880375	OK	 
REQUEST	ServerSentEventsSimulation	1		100000	1519847883394	1519847887494	OK	 
REQUEST	ServerSentEventsSimulation	1		100000	1519847890495	1519847894650	OK	 
REQUEST	ServerSentEventsSimulation	1		125000	1519847897686	1519847902796	OK	 
REQUEST	ServerSentEventsSimulation	1		125000	1519847905827	1519847910935	OK	 
REQUEST	ServerSentEventsSimulation	1		125000	1519847913966	1519847919106	OK	 
REQUEST	ServerSentEventsSimulation	1		150000	1519847922164	1519847928266	OK	 
REQUEST	ServerSentEventsSimulation	1		150000	1519847931298	1519847937419	OK	 
REQUEST	ServerSentEventsSimulation	1		150000	1519847940456	1519847946559	OK	 
REQUEST	ServerSentEventsSimulation	1		175000	1519847949617	1519847956765	OK	 
REQUEST	ServerSentEventsSimulation	1		175000	1519847959787	1519847966891	OK	 
REQUEST	ServerSentEventsSimulation	1		175000	1519847969938	1519847977046	OK	 
REQUEST	ServerSentEventsSimulation	1		200000	1519847980096	1519847988196	OK	 
REQUEST	ServerSentEventsSimulation	1		200000	1519847991238	1519847999467	OK	 
REQUEST	ServerSentEventsSimulation	1		200000	1519848002486	1519848010695	OK	 
REQUEST	ServerSentEventsSimulation	1		225000	1519848013765	1519848023098	OK	 
REQUEST	ServerSentEventsSimulation	1		225000	1519848026134	1519848035526	OK	 
REQUEST	ServerSentEventsSimulation	1		225000	1519848038544	1519848047877	OK	 
REQUEST	ServerSentEventsSimulation	1		250000	1519848050948	1519848061420	OK	 
REQUEST	ServerSentEventsSimulation	1		250000	1519848064456	1519848075056	OK	 
REQUEST	ServerSentEventsSimulation	1		250000	1519848078088	1519848088733	OK	 
REQUEST	ServerSentEventsSimulation	1		275000	1519848091788	1519848103504	OK	 
REQUEST	ServerSentEventsSimulation	1		275000	1519848106537	1519848117989	OK	 
REQUEST	ServerSentEventsSimulation	1		275000	1519848121013	1519848132446	OK	 
REQUEST	ServerSentEventsSimulation	1		300000	1519848135505	1519848148222	OK	 
REQUEST	ServerSentEventsSimulation	1		300000	1519848151245	1519848163766	OK	 
REQUEST	ServerSentEventsSimulation	1		300000	1519848166797	1519848179232	OK	 
REQUEST	ServerSentEventsSimulation	1		325000	1519848182294	1519848195733	OK	 
REQUEST	ServerSentEventsSimulation	1		325000	1519848198774	1519848212107	OK	 
REQUEST	ServerSentEventsSimulation	1		325000	1519848215125	1519848229024	OK	 
REQUEST	ServerSentEventsSimulation	1		350000	1519848232075	1519848246506	OK	 
REQUEST	ServerSentEventsSimulation	1		350000	1519848249533	1519848263970	OK	 
REQUEST	ServerSentEventsSimulation	1		350000	1519848267008	1519848281646	OK	 
REQUEST	ServerSentEventsSimulation	1		375000	1519848284707	1519848300373	OK	 
REQUEST	ServerSentEventsSimulation	1		375000	1519848303393	1519848318322	OK	 
REQUEST	ServerSentEventsSimulation	1		375000	1519848321345	1519848336306	OK	 
REQUEST	ServerSentEventsSimulation	1		400000	1519848339344	1519848355270	OK	 
REQUEST	ServerSentEventsSimulation	1		400000	1519848358307	1519848374245	OK	 
REQUEST	ServerSentEventsSimulation	1		400000	1519848377277	1519848393055	OK	 
REQUEST	ServerSentEventsSimulation	1		425000	1519848396115	1519848412943	OK	 
REQUEST	ServerSentEventsSimulation	1		425000	1519848415965	1519848433444	OK	 
REQUEST	ServerSentEventsSimulation	1		425000	1519848436488	1519848453385	OK	 
REQUEST	ServerSentEventsSimulation	1		450000	1519848456447	1519848474283	OK	 
REQUEST	ServerSentEventsSimulation	1		450000	1519848477304	1519848495157	OK	 
REQUEST	ServerSentEventsSimulation	1		450000	1519848498145	1519848515926	OK	 
REQUEST	ServerSentEventsSimulation	1		475000	1519848518996	1519848538234	OK	 
REQUEST	ServerSentEventsSimulation	1		475000	1519848541265	1519848560570	OK	 
REQUEST	ServerSentEventsSimulation	1		475000	1519848563596	1519848582715	OK	 
REQUEST	ServerSentEventsSimulation	1		500000	1519848585774	1519848606133	OK	 
REQUEST	ServerSentEventsSimulation	1		500000	1519848609164	1519848629474	OK	 
REQUEST	ServerSentEventsSimulation	1		500000	1519848632496	1519848653265	OK	 
REQUEST	ServerSentEventsSimulation	1		525000	1519848656327	1519848677784	OK	 
REQUEST	ServerSentEventsSimulation	1		525000	1519848680814	1519848701675	OK	 
REQUEST	ServerSentEventsSimulation	1		525000	1519848704716	1519848725974	OK	 
REQUEST	ServerSentEventsSimulation	1		550000	1519848729028	1519848750832	OK	 
REQUEST	ServerSentEventsSimulation	1		550000	1519848753867	1519848775592	OK	 
REQUEST	ServerSentEventsSimulation	1		550000	1519848778615	1519848801988	OK	 
REQUEST	ServerSentEventsSimulation	1		575000	1519848805057	1519848828903	OK	 
REQUEST	ServerSentEventsSimulation	1		575000	1519848831927	1519848856537	OK	 
REQUEST	ServerSentEventsSimulation	1		575000	1519848859573	1519848884407	OK	 
REQUEST	ServerSentEventsSimulation	1		600000	1519848887467	1519848912619	OK	 
REQUEST	ServerSentEventsSimulation	1		600000	1519848915659	1519848941120	OK	 
REQUEST	ServerSentEventsSimulation	1		600000	1519848944149	1519848969266	OK	 
REQUEST	ServerSentEventsSimulation	1		625000	1519848972294	1519848998920	OK	 
REQUEST	ServerSentEventsSimulation	1		625000	1519849001945	1519849027940	OK	 
REQUEST	ServerSentEventsSimulation	1		625000	1519849030977	1519849056766	OK	 
REQUEST	ServerSentEventsSimulation	1		650000	1519849059826	1519849085435	OK	 
REQUEST	ServerSentEventsSimulation	1		650000	1519849088465	1519849115439	OK	 
REQUEST	ServerSentEventsSimulation	1		650000	1519849118473	1519849144245	OK	 
REQUEST	ServerSentEventsSimulation	1		675000	1519849147295	1519849174424	OK	 
REQUEST	ServerSentEventsSimulation	1		675000	1519849177456	1519849204113	OK	 
REQUEST	ServerSentEventsSimulation	1		675000	1519849207138	1519849234502	OK	 
REQUEST	ServerSentEventsSimulation	1		700000	1519849237576	1519849265320	OK	 
REQUEST	ServerSentEventsSimulation	1		700000	1519849268355	1519849297314	OK	 
REQUEST	ServerSentEventsSimulation	1		700000	1519849300333	1519849328129	OK	 
REQUEST	ServerSentEventsSimulation	1		725000	1519849331184	1519849360981	OK	 
REQUEST	ServerSentEventsSimulation	1		725000	1519849364015	1519849392900	OK	 
REQUEST	ServerSentEventsSimulation	1		725000	1519849395928	1519849425531	OK	 
REQUEST	ServerSentEventsSimulation	1		750000	1519849428594	1519849458260	OK	 
REQUEST	ServerSentEventsSimulation	1		750000	1519849461284	1519849491026	OK	 
REQUEST	ServerSentEventsSimulation	1		750000	1519849494056	1519849524838	OK	 
REQUEST	ServerSentEventsSimulation	1		775000	1519849527907	1519849558756	OK	 
REQUEST	ServerSentEventsSimulation	1		775000	1519849561786	1519849593594	OK	 
REQUEST	ServerSentEventsSimulation	1		775000	1519849596616	1519849627354	OK	 
REQUEST	ServerSentEventsSimulation	1		800000	1519849630427	1519849663076	OK	 
REQUEST	ServerSentEventsSimulation	1		800000	1519849666094	1519849697822	OK	 
REQUEST	ServerSentEventsSimulation	1		800000	1519849700847	1519849733592	OK	 
REQUEST	ServerSentEventsSimulation	1		825000	1519849736658	1519849770076	OK	 
REQUEST	ServerSentEventsSimulation	1		825000	1519849773104	1519849807863	OK	 
REQUEST	ServerSentEventsSimulation	1		825000	1519849810888	1519849846408	OK	 
REQUEST	ServerSentEventsSimulation	1		850000	1519849849466	1519849885071	OK	 
REQUEST	ServerSentEventsSimulation	1		850000	1519849888104	1519849923574	OK	 
REQUEST	ServerSentEventsSimulation	1		850000	1519849926615	1519849961125	OK	 
REQUEST	ServerSentEventsSimulation	1		875000	1519849964186	1519850004390	OK	 
REQUEST	ServerSentEventsSimulation	1		875000	1519850007417	1519850045370	OK	 
REQUEST	ServerSentEventsSimulation	1		875000	1519850048398	1519850086582	OK	 
REQUEST	ServerSentEventsSimulation	1		900000	1519850089647	1519850130298	OK	 
REQUEST	ServerSentEventsSimulation	1		900000	1519850133326	1519850171685	OK	 
REQUEST	ServerSentEventsSimulation	1		900000	1519850174715	1519850213901	OK	 
REQUEST	ServerSentEventsSimulation	1		925000	1519850216968	1519850257288	OK	 
REQUEST	ServerSentEventsSimulation	1		925000	1519850260314	1519850300545	OK	 
REQUEST	ServerSentEventsSimulation	1		925000	1519850303574	1519850341988	OK	 
REQUEST	ServerSentEventsSimulation	1		950000	1519850345055	1519850384905	OK	 
REQUEST	ServerSentEventsSimulation	1		950000	1519850387928	1519850428076	OK	 
REQUEST	ServerSentEventsSimulation	1		950000	1519850431104	1519850471507	OK	 
REQUEST	ServerSentEventsSimulation	1		975000	1519850474565	1519850517227	OK	 
REQUEST	ServerSentEventsSimulation	1		975000	1519850520259	1519850560512	OK	 
REQUEST	ServerSentEventsSimulation	1		975000	1519850563548	1519850603893	OK	 
USER	ServerSentEventsSimulation	1	END	1519847841382	1519850606911
