RUN	com.github.bartekbp.HttpStreamingSimulation		httpstreamingsimulation	1519847035084	 	2.0
USER	HttpStreamingSimulation	1	START	1519847035745	1519847035745
REQUEST	HttpStreamingSimulation	1		50000	1519847035783	1519847036156	OK	 
REQUEST	HttpStreamingSimulation	1		50000	1519847039179	1519847039377	OK	 
REQUEST	HttpStreamingSimulation	1		50000	1519847042398	1519847042563	OK	 
REQUEST	HttpStreamingSimulation	1		75000	1519847045615	1519847045845	OK	 
REQUEST	HttpStreamingSimulation	1		75000	1519847048876	1519847049111	OK	 
REQUEST	HttpStreamingSimulation	1		75000	1519847052136	1519847052385	OK	 
REQUEST	HttpStreamingSimulation	1		100000	1519847055427	1519847055702	OK	 
REQUEST	HttpStreamingSimulation	1		100000	1519847058699	1519847058954	OK	 
REQUEST	HttpStreamingSimulation	1		100000	1519847061985	1519847062289	OK	 
REQUEST	HttpStreamingSimulation	1		125000	1519847065315	1519847065726	OK	 
REQUEST	HttpStreamingSimulation	1		125000	1519847068758	1519847069136	OK	 
REQUEST	HttpStreamingSimulation	1		125000	1519847072167	1519847072537	OK	 
REQUEST	HttpStreamingSimulation	1		150000	1519847075588	1519847076045	OK	 
REQUEST	HttpStreamingSimulation	1		150000	1519847079065	1519847079525	OK	 
REQUEST	HttpStreamingSimulation	1		150000	1519847082569	1519847083002	OK	 
REQUEST	HttpStreamingSimulation	1		175000	1519847086046	1519847086653	OK	 
REQUEST	HttpStreamingSimulation	1		175000	1519847089686	1519847090146	OK	 
REQUEST	HttpStreamingSimulation	1		175000	1519847093175	1519847093774	OK	 
REQUEST	HttpStreamingSimulation	1		200000	1519847096839	1519847097338	OK	 
REQUEST	HttpStreamingSimulation	1		200000	1519847100360	1519847100987	OK	 
REQUEST	HttpStreamingSimulation	1		200000	1519847104019	1519847104546	OK	 
REQUEST	HttpStreamingSimulation	1		225000	1519847107608	1519847108188	OK	 
REQUEST	HttpStreamingSimulation	1		225000	1519847111229	1519847111884	OK	 
REQUEST	HttpStreamingSimulation	1		225000	1519847114910	1519847115520	OK	 
REQUEST	HttpStreamingSimulation	1		250000	1519847118587	1519847119251	OK	 
REQUEST	HttpStreamingSimulation	1		250000	1519847122279	1519847122957	OK	 
REQUEST	HttpStreamingSimulation	1		250000	1519847125979	1519847126623	OK	 
REQUEST	HttpStreamingSimulation	1		275000	1519847129686	1519847130406	OK	 
REQUEST	HttpStreamingSimulation	1		275000	1519847133427	1519847134108	OK	 
REQUEST	HttpStreamingSimulation	1		275000	1519847137136	1519847137867	OK	 
REQUEST	HttpStreamingSimulation	1		300000	1519847140916	1519847141801	OK	 
REQUEST	HttpStreamingSimulation	1		300000	1519847144837	1519847145589	OK	 
REQUEST	HttpStreamingSimulation	1		300000	1519847148618	1519847149477	OK	 
REQUEST	HttpStreamingSimulation	1		325000	1519847152535	1519847153423	OK	 
REQUEST	HttpStreamingSimulation	1		325000	1519847156450	1519847157258	OK	 
REQUEST	HttpStreamingSimulation	1		325000	1519847160288	1519847161104	OK	 
REQUEST	HttpStreamingSimulation	1		350000	1519847164165	1519847165068	OK	 
REQUEST	HttpStreamingSimulation	1		350000	1519847168085	1519847168979	OK	 
REQUEST	HttpStreamingSimulation	1		350000	1519847172006	1519847172908	OK	 
REQUEST	HttpStreamingSimulation	1		375000	1519847175967	1519847176926	OK	 
REQUEST	HttpStreamingSimulation	1		375000	1519847179958	1519847180883	OK	 
REQUEST	HttpStreamingSimulation	1		375000	1519847183920	1519847184846	OK	 
REQUEST	HttpStreamingSimulation	1		400000	1519847187899	1519847188907	OK	 
REQUEST	HttpStreamingSimulation	1		400000	1519847191938	1519847192936	OK	 
REQUEST	HttpStreamingSimulation	1		400000	1519847195958	1519847196981	OK	 
REQUEST	HttpStreamingSimulation	1		425000	1519847200058	1519847201087	OK	 
REQUEST	HttpStreamingSimulation	1		425000	1519847204107	1519847205261	OK	 
REQUEST	HttpStreamingSimulation	1		425000	1519847208309	1519847209401	OK	 
REQUEST	HttpStreamingSimulation	1		450000	1519847212460	1519847213556	OK	 
REQUEST	HttpStreamingSimulation	1		450000	1519847216575	1519847217686	OK	 
REQUEST	HttpStreamingSimulation	1		450000	1519847220719	1519847221870	OK	 
REQUEST	HttpStreamingSimulation	1		475000	1519847224940	1519847226102	OK	 
REQUEST	HttpStreamingSimulation	1		475000	1519847229127	1519847230351	OK	 
REQUEST	HttpStreamingSimulation	1		475000	1519847233375	1519847234563	OK	 
REQUEST	HttpStreamingSimulation	1		500000	1519847237629	1519847238886	OK	 
REQUEST	HttpStreamingSimulation	1		500000	1519847241931	1519847243124	OK	 
REQUEST	HttpStreamingSimulation	1		500000	1519847246128	1519847247322	OK	 
REQUEST	HttpStreamingSimulation	1		525000	1519847250399	1519847251691	OK	 
REQUEST	HttpStreamingSimulation	1		525000	1519847254716	1519847256010	OK	 
REQUEST	HttpStreamingSimulation	1		525000	1519847259039	1519847260361	OK	 
REQUEST	HttpStreamingSimulation	1		550000	1519847263427	1519847264737	OK	 
REQUEST	HttpStreamingSimulation	1		550000	1519847267766	1519847269100	OK	 
REQUEST	HttpStreamingSimulation	1		550000	1519847272128	1519847273507	OK	 
REQUEST	HttpStreamingSimulation	1		575000	1519847276556	1519847277949	OK	 
REQUEST	HttpStreamingSimulation	1		575000	1519847280978	1519847282376	OK	 
REQUEST	HttpStreamingSimulation	1		575000	1519847285406	1519847286730	OK	 
REQUEST	HttpStreamingSimulation	1		600000	1519847289798	1519847291255	OK	 
REQUEST	HttpStreamingSimulation	1		600000	1519847294288	1519847295810	OK	 
REQUEST	HttpStreamingSimulation	1		600000	1519847298838	1519847300304	OK	 
REQUEST	HttpStreamingSimulation	1		625000	1519847303356	1519847304964	OK	 
REQUEST	HttpStreamingSimulation	1		625000	1519847308005	1519847309570	OK	 
REQUEST	HttpStreamingSimulation	1		625000	1519847312599	1519847314109	OK	 
REQUEST	HttpStreamingSimulation	1		650000	1519847317156	1519847318772	OK	 
REQUEST	HttpStreamingSimulation	1		650000	1519847321797	1519847323405	OK	 
REQUEST	HttpStreamingSimulation	1		650000	1519847326436	1519847328067	OK	 
REQUEST	HttpStreamingSimulation	1		675000	1519847331140	1519847332743	OK	 
REQUEST	HttpStreamingSimulation	1		675000	1519847335760	1519847337367	OK	 
REQUEST	HttpStreamingSimulation	1		675000	1519847340407	1519847342066	OK	 
REQUEST	HttpStreamingSimulation	1		700000	1519847345130	1519847346781	OK	 
REQUEST	HttpStreamingSimulation	1		700000	1519847349810	1519847351512	OK	 
REQUEST	HttpStreamingSimulation	1		700000	1519847354536	1519847356141	OK	 
REQUEST	HttpStreamingSimulation	1		725000	1519847359198	1519847360976	OK	 
REQUEST	HttpStreamingSimulation	1		725000	1519847364009	1519847365763	OK	 
REQUEST	HttpStreamingSimulation	1		725000	1519847368809	1519847370559	OK	 
REQUEST	HttpStreamingSimulation	1		750000	1519847373606	1519847375515	OK	 
REQUEST	HttpStreamingSimulation	1		750000	1519847378549	1519847380269	OK	 
REQUEST	HttpStreamingSimulation	1		750000	1519847383298	1519847385081	OK	 
REQUEST	HttpStreamingSimulation	1		775000	1519847388147	1519847390032	OK	 
REQUEST	HttpStreamingSimulation	1		775000	1519847393070	1519847394965	OK	 
REQUEST	HttpStreamingSimulation	1		775000	1519847397988	1519847399880	OK	 
REQUEST	HttpStreamingSimulation	1		800000	1519847402947	1519847404858	OK	 
REQUEST	HttpStreamingSimulation	1		800000	1519847407886	1519847409801	OK	 
REQUEST	HttpStreamingSimulation	1		800000	1519847412839	1519847414803	OK	 
REQUEST	HttpStreamingSimulation	1		825000	1519847417858	1519847419843	OK	 
REQUEST	HttpStreamingSimulation	1		825000	1519847422880	1519847424903	OK	 
REQUEST	HttpStreamingSimulation	1		825000	1519847427927	1519847429862	OK	 
REQUEST	HttpStreamingSimulation	1		850000	1519847432926	1519847434979	OK	 
REQUEST	HttpStreamingSimulation	1		850000	1519847438016	1519847440168	OK	 
REQUEST	HttpStreamingSimulation	1		850000	1519847443198	1519847445468	OK	 
REQUEST	HttpStreamingSimulation	1		875000	1519847448518	1519847450744	OK	 
REQUEST	HttpStreamingSimulation	1		875000	1519847453765	1519847456184	OK	 
REQUEST	HttpStreamingSimulation	1		875000	1519847459225	1519847461755	OK	 
REQUEST	HttpStreamingSimulation	1		900000	1519847464809	1519847467250	OK	 
REQUEST	HttpStreamingSimulation	1		900000	1519847470286	1519847472793	OK	 
REQUEST	HttpStreamingSimulation	1		900000	1519847475819	1519847478313	OK	 
REQUEST	HttpStreamingSimulation	1		925000	1519847481377	1519847483891	OK	 
REQUEST	HttpStreamingSimulation	1		925000	1519847486919	1519847489461	OK	 
REQUEST	HttpStreamingSimulation	1		925000	1519847492499	1519847495013	OK	 
REQUEST	HttpStreamingSimulation	1		950000	1519847498080	1519847500654	OK	 
REQUEST	HttpStreamingSimulation	1		950000	1519847503669	1519847506251	OK	 
REQUEST	HttpStreamingSimulation	1		950000	1519847509276	1519847511873	OK	 
REQUEST	HttpStreamingSimulation	1		975000	1519847514929	1519847517615	OK	 
REQUEST	HttpStreamingSimulation	1		975000	1519847520645	1519847523300	OK	 
REQUEST	HttpStreamingSimulation	1		975000	1519847526317	1519847529030	OK	 
USER	HttpStreamingSimulation	1	END	1519847035745	1519847532043
